  pch.cpp
  dllmain.cpp
E:\Program Files\Microsoft Visual Studio\2022\Professional\VC\Tools\MSVC\14.37.32822\include\xstring(2728,53): warning C4244: 'argument': conversion from 'wchar_t' to 'const _Elem', possible loss of data
          with
          [
              _Elem=char
          ]
E:\Program Files\Microsoft Visual Studio\2022\Professional\VC\Tools\MSVC\14.37.32822\include\xstring(2584,17): message : see reference to function template instantiation 'void std::basic_string<char,std::char_traits<char>,std::allocator<char>>::_Construct_from_iter<wchar_t*,wchar_t*,_Size_type>(_Iter,const _Sent,_Size)' being compiled
          with
          [
              _Size_type=unsigned __int64,
              _Iter=wchar_t *,
              _Sent=wchar_t *,
              _Size=unsigned __int64
          ]
C:\Users\mkxzis\source\repos\PCBS2NaResolverExample\Libs\NaResolver\NaResolver.h(273,22): message : see reference to function template instantiation 'std::basic_string<char,std::char_traits<char>,std::allocator<char>>::basic_string<std::_String_iterator<std::_String_val<std::_Simple_types<_Elem>>>,0>(_Iter,_Iter,const _Alloc &)' being compiled
          with
          [
              _Elem=wchar_t,
              _Iter=std::_String_iterator<std::_String_val<std::_Simple_types<wchar_t>>>,
              _Alloc=std::allocator<char>
          ]
C:\Users\mkxzis\source\repos\PCBS2NaResolverExample\Libs\NaResolver\NaResolver.h(273,4): message : see the first reference to 'std::basic_string<char,std::char_traits<char>,std::allocator<char>>::basic_string' in 'VmGeneralType::String::ToString'
  Generating code
  Previous IPDB not found, fall back to full compilation.
  All 915 functions were compiled because no usable IPDB/IOBJ from previous compilation was found.
  Finished generating code
  PCBS2NaResolverExample.vcxproj -> C:\Users\mkxzis\source\repos\PCBS2NaResolverExample\x64\Release\PCBS2NaResolverExample.dll
